Using pre-set license
Built from '2020.3/staging' branch; Version is '2020.3.30f1 (1fb1bf06830e) revision 2077119'; Using compiler version '192528614'; Build Type 'Release'
OS: 'Windows 10  (10.0.19044) 64bit Professional' Language: 'en' Physical Memory: 16315 MB
BatchMode: 1, IsHumanControllingUs: 0, StartBugReporterOnCrash: 0, Is64bit: 1, IsPro: 0

COMMAND LINE ARGUMENTS:
E:\Unity\2020.3.30f1\Editor\Unity.exe
-adb2
-batchMode
-noUpm
-name
AssetImportWorker0
-projectPath
D:/Unity Projects/Green Light Combat/N330MuuMuu
-logFile
Logs/AssetImportWorker0.log
-srvPort
51821
Successfully changed project path to: D:/Unity Projects/Green Light Combat/N330MuuMuu
D:/Unity Projects/Green Light Combat/N330MuuMuu
Using Asset Import Pipeline V2.
Refreshing native plugins compatible for Editor in 64.11 ms, found 2 plugins.
Preloading 0 native plugins for Editor in 0.00 ms.
Initialize engine version: 2020.3.30f1 (1fb1bf06830e)
[Subsystems] Discovering subsystems at path E:/Unity/2020.3.30f1/Editor/Data/Resources/UnitySubsystems
[Subsystems] Discovering subsystems at path D:/Unity Projects/Green Light Combat/N330MuuMuu/Assets
GfxDevice: creating device client; threaded=0
Direct3D:
    Version:  Direct3D 11.0 [level 11.1]
    Renderer: AMD Radeon RX 5700 XT (ID=0x731f)
    Vendor:   
    VRAM:     8151 MB
    Driver:   30.0.13023.1012
Initialize mono
Mono path[0] = 'E:/Unity/2020.3.30f1/Editor/Data/Managed'
Mono path[1] = 'E:/Unity/2020.3.30f1/Editor/Data/MonoBleedingEdge/lib/mono/unityjit'
Mono config path = 'E:/Unity/2020.3.30f1/Editor/Data/MonoBleedingEdge/etc'
Using monoOptions --debugger-agent=transport=dt_socket,embedding=1,server=y,suspend=n,address=127.0.0.1:56800
Begin MonoManager ReloadAssembly
Registering precompiled unity dll's ...
Register platform support module: E:/Unity/2020.3.30f1/Editor/Data/PlaybackEngines/WindowsStandaloneSupport/UnityEditor.WindowsStandalone.Extensions.dll
Registered in 0.001370 seconds.
Native extension for WindowsStandalone target not found
Refreshing native plugins compatible for Editor in 59.43 ms, found 2 plugins.
Preloading 0 native plugins for Editor in 0.00 ms.
Mono: successfully reloaded assembly
- Completed reload, in  0.744 seconds
Domain Reload Profiling:
	ReloadAssembly (745ms)
		BeginReloadAssembly (74ms)
			ExecutionOrderSort (0ms)
			DisableScriptedObjects (0ms)
			BackupInstance (0ms)
			ReleaseScriptingObjects (0ms)
			CreateAndSetChildDomain (1ms)
		EndReloadAssembly (580ms)
			LoadAssemblies (73ms)
			RebuildTransferFunctionScriptingTraits (0ms)
			SetupTypeCache (202ms)
			ReleaseScriptCaches (0ms)
			RebuildScriptCaches (35ms)
			SetupLoadedEditorAssemblies (217ms)
				LogAssemblyErrors (0ms)
				InitializePlatformSupportModulesInManaged (5ms)
				SetLoadedEditorAssemblies (0ms)
				RefreshPlugins (60ms)
				BeforeProcessingInitializeOnLoad (15ms)
				ProcessInitializeOnLoadAttributes (103ms)
				ProcessInitializeOnLoadMethodAttributes (33ms)
				AfterProcessingInitializeOnLoad (0ms)
				EditorAssembliesLoaded (0ms)
			ExecutionOrderSort2 (0ms)
			AwakeInstancesAfterBackupRestoration (0ms)
Platform modules already initialized, skipping
Registering precompiled user dll's ...
Registered in 0.002959 seconds.
Begin MonoManager ReloadAssembly
Native extension for WindowsStandalone target not found
Refreshing native plugins compatible for Editor in 59.92 ms, found 2 plugins.
Preloading 0 native plugins for Editor in 0.00 ms.
Mono: successfully reloaded assembly
- Completed reload, in  1.431 seconds
Domain Reload Profiling:
	ReloadAssembly (1432ms)
		BeginReloadAssembly (190ms)
			ExecutionOrderSort (0ms)
			DisableScriptedObjects (7ms)
			BackupInstance (0ms)
			ReleaseScriptingObjects (0ms)
			CreateAndSetChildDomain (22ms)
		EndReloadAssembly (1170ms)
			LoadAssemblies (113ms)
			RebuildTransferFunctionScriptingTraits (0ms)
			SetupTypeCache (358ms)
			ReleaseScriptCaches (1ms)
			RebuildScriptCaches (62ms)
			SetupLoadedEditorAssemblies (491ms)
				LogAssemblyErrors (0ms)
				InitializePlatformSupportModulesInManaged (6ms)
				SetLoadedEditorAssemblies (1ms)
				RefreshPlugins (60ms)
				BeforeProcessingInitializeOnLoad (83ms)
				ProcessInitializeOnLoadAttributes (327ms)
				ProcessInitializeOnLoadMethodAttributes (12ms)
				AfterProcessingInitializeOnLoad (3ms)
				EditorAssembliesLoaded (0ms)
			ExecutionOrderSort2 (0ms)
			AwakeInstancesAfterBackupRestoration (9ms)
Platform modules already initialized, skipping
========================================================================
Worker process is ready to serve import requests
Launched and connected shader compiler UnityShaderCompiler.exe after 0.13 seconds
Refreshing native plugins compatible for Editor in 0.70 ms, found 2 plugins.
Preloading 0 native plugins for Editor in 0.00 ms.
Unloading 1994 Unused Serialized files (Serialized files now loaded: 0)
System memory in use before: 87.2 MB.
System memory in use after: 87.3 MB.

Unloading 20 unused Assets to reduce memory usage. Loaded Objects now: 2432.
Total: 3.700200 ms (FindLiveObjects: 0.289900 ms CreateObjectMapping: 0.082000 ms MarkObjects: 3.251400 ms  DeleteObjects: 0.075900 ms)

AssetImportParameters requested are different than current active one (requested -> active):
  custom:framework-win-MediaFoundation: 216162199b28c13a410421893ffa2e32 -> 
  custom:video-decoder-ogg-theora: a1e56fd34408186e4bbccfd4996cb3dc -> 
  custom:container-muxer-webm: aa71ff27fc2769a1b78a27578f13a17b -> 
  custom:container-demuxer-webm: 4f35f7cbe854078d1ac9338744f61a02 -> 
  custom:container-demuxer-ogg: 62fdf1f143b41e24485cea50d1cbac27 -> 
  custom:video-encoder-webm-vp8: eb34c28f22e8b96e1ab97ce403110664 -> 
  custom:video-decoder-webm-vp8: 9c59270c3fd7afecdb556c50c9e8de78 -> 
  custom:audio-decoder-ogg-vorbis: bf7c407c2cedff20999df2af8eb42d56 -> 
  custom:audio-encoder-webm-vorbis: bf7c407c2cedff20999df2af8eb42d56 -> 
========================================================================
Received Import Request.
  path: Assets/HandMade_Models/Assets/ManHoleCover.fbx
  artifactKey: Guid(d2eed56a8af6a244780f68e84f4c1e58) Importer(815301076,1909f56bfc062723c751e8b465ee728b)
Start importing Assets/HandMade_Models/Assets/ManHoleCover.fbx using Guid(d2eed56a8af6a244780f68e84f4c1e58) Importer(815301076,1909f56bfc062723c751e8b465ee728b)  -> (artifact id: '6797fb6ba50da6eaf8f231338fafaf26') in 0.570707 seconds 
========================================================================
Received Import Request.
  Time since last request: 0.000208 seconds.
  path: Assets/HandMade_Models/Assets
  artifactKey: Guid(db4fa1e9f18a4674fa88c6a1e936bd65) Importer(815301076,1909f56bfc062723c751e8b465ee728b)
Start importing Assets/HandMade_Models/Assets using Guid(db4fa1e9f18a4674fa88c6a1e936bd65) Importer(815301076,1909f56bfc062723c751e8b465ee728b)  -> (artifact id: '17c3f06c201c0dfc1fd82f76ffe39990') in 0.007611 seconds 
========================================================================
Received Import Request.
  Time since last request: 0.000154 seconds.
  path: Assets/HandMade_Models/Assets/StopSign_LongMelee.fbx
  artifactKey: Guid(b23cf8c488f8df34d8cd497ec87459d1) Importer(815301076,1909f56bfc062723c751e8b465ee728b)
Start importing Assets/HandMade_Models/Assets/StopSign_LongMelee.fbx using Guid(b23cf8c488f8df34d8cd497ec87459d1) Importer(815301076,1909f56bfc062723c751e8b465ee728b)  -> (artifact id: '4acf6b6a5b4d762ef5c5492ddd160fee') in 0.027858 seconds 
========================================================================
Received Import Request.
  Time since last request: 0.000158 seconds.
  path: Assets/HandMade_Models
  artifactKey: Guid(e677d0aed1ec20c4bbfa3f86e6494b9e) Importer(815301076,1909f56bfc062723c751e8b465ee728b)
Start importing Assets/HandMade_Models using Guid(e677d0aed1ec20c4bbfa3f86e6494b9e) Importer(815301076,1909f56bfc062723c751e8b465ee728b)  -> (artifact id: '504061f585f39d00d90386b130e5839f') in 0.007625 seconds 
========================================================================
Received Import Request.
  Time since last request: 250.539217 seconds.
  path: Assets/Prefabs/SM_Prop_TrafficLight_01.prefab
  artifactKey: Guid(5c27cc1bb990db846893a4b7ee996b6e) Importer(815301076,1909f56bfc062723c751e8b465ee728b)
Start importing Assets/Prefabs/SM_Prop_TrafficLight_01.prefab using Guid(5c27cc1bb990db846893a4b7ee996b6e) Importer(815301076,1909f56bfc062723c751e8b465ee728b)  -> (artifact id: 'd45ec1aa40267397d170e989005e8eef') in 0.055759 seconds 
========================================================================
Received Import Request.
  Time since last request: 33.955256 seconds.
  path: Assets/Prefabs/CityPrefab.prefab
  artifactKey: Guid(143daaf7cfe2f2f49950d792b6009635) Importer(815301076,1909f56bfc062723c751e8b465ee728b)
Start importing Assets/Prefabs/CityPrefab.prefab using Guid(143daaf7cfe2f2f49950d792b6009635) Importer(815301076,1909f56bfc062723c751e8b465ee728b)  -> (artifact id: 'efdc6996da783577fd0bd6816092702e') in 0.459113 seconds 
========================================================================
Received Import Request.
  Time since last request: 15.472540 seconds.
  path: Assets/Prefabs/HeavyWeapon.prefab
  artifactKey: Guid(d515d902630a43a4a8e99eb00480e992) Importer(815301076,1909f56bfc062723c751e8b465ee728b)
Start importing Assets/Prefabs/HeavyWeapon.prefab using Guid(d515d902630a43a4a8e99eb00480e992) Importer(815301076,1909f56bfc062723c751e8b465ee728b)  -> (artifact id: '9912e6a3d9de381d34a84caf07fd34dc') in 0.023420 seconds 
========================================================================
Received Import Request.
  Time since last request: 9.456720 seconds.
  path: Assets/Prefabs/Player-Old.prefab
  artifactKey: Guid(4beec10abfda74a4ba11c9fe10c212fc) Importer(815301076,1909f56bfc062723c751e8b465ee728b)
Start importing Assets/Prefabs/Player-Old.prefab using Guid(4beec10abfda74a4ba11c9fe10c212fc) Importer(815301076,1909f56bfc062723c751e8b465ee728b)  -> (artifact id: '05c5e316f55c9a0ec6277b8cd40a3c91') in 0.036826 seconds 
========================================================================
Received Import Request.
  Time since last request: 3.399693 seconds.
  path: Assets/Prefabs/Player.prefab
  artifactKey: Guid(0b786d4df36e01642b3e7b8d0865e549) Importer(815301076,1909f56bfc062723c751e8b465ee728b)
Start importing Assets/Prefabs/Player.prefab using Guid(0b786d4df36e01642b3e7b8d0865e549) Importer(815301076,1909f56bfc062723c751e8b465ee728b)  -> (artifact id: '9b5668dc9e73ce201bee2617d1b9fd51') in 0.037287 seconds 
========================================================================
Received Import Request.
  Time since last request: 610.622776 seconds.
  path: Assets/Animations
  artifactKey: Guid(c00579c7be0514948bfc5001d4b7c5eb) Importer(815301076,1909f56bfc062723c751e8b465ee728b)
Start importing Assets/Animations using Guid(c00579c7be0514948bfc5001d4b7c5eb) Importer(815301076,1909f56bfc062723c751e8b465ee728b)  -> (artifact id: 'f094a03110f4dd70b6411b6541ecba81') in 0.006963 seconds 
========================================================================
Received Import Request.
  Time since last request: 13.792445 seconds.
  path: Assets/Animations/Idle.fbx
  artifactKey: Guid(9b15536bbaa5f54488902c1b9c039598) Importer(815301076,1909f56bfc062723c751e8b465ee728b)
Start importing Assets/Animations/Idle.fbx using Guid(9b15536bbaa5f54488902c1b9c039598) Importer(815301076,1909f56bfc062723c751e8b465ee728b)  -> (artifact id: '26163167f994f05710706f59acc2c11b') in 0.035708 seconds 
========================================================================
Received Import Request.
  Time since last request: 2.971427 seconds.
  path: Assets/Animations/HeavyWeapon
  artifactKey: Guid(eeee0b9ad7c07534e922782e47ead775) Importer(815301076,1909f56bfc062723c751e8b465ee728b)
Start importing Assets/Animations/HeavyWeapon using Guid(eeee0b9ad7c07534e922782e47ead775) Importer(815301076,1909f56bfc062723c751e8b465ee728b)  -> (artifact id: '0133d166a82682f9e9d51fc823f26041') in 0.003133 seconds 
========================================================================
Received Import Request.
  Time since last request: 0.062198 seconds.
  path: Assets/Animations/HeavyWeapon/HeavyAttack.fbx
  artifactKey: Guid(a01c8e7c08575ac45a9ed95155f8275b) Importer(815301076,1909f56bfc062723c751e8b465ee728b)
Start importing Assets/Animations/HeavyWeapon/HeavyAttack.fbx using Guid(a01c8e7c08575ac45a9ed95155f8275b) Importer(815301076,1909f56bfc062723c751e8b465ee728b)  -> (artifact id: 'bc14b93e8485f87b7932a1107013fd46') in 0.032217 seconds 
========================================================================
Received Import Request.
  Time since last request: 0.000219 seconds.
  path: Assets/Animations/HeavyWeapon/HeavyGotHit.fbx
  artifactKey: Guid(6dcc7623ac773f14ea9e41d9c9243cc2) Importer(815301076,1909f56bfc062723c751e8b465ee728b)
Start importing Assets/Animations/HeavyWeapon/HeavyGotHit.fbx using Guid(6dcc7623ac773f14ea9e41d9c9243cc2) Importer(815301076,1909f56bfc062723c751e8b465ee728b)  -> (artifact id: '266c98e81681cedba9c972b556ce8573') in 0.032246 seconds 
========================================================================
Received Import Request.
  Time since last request: 0.000163 seconds.
  path: Assets/Animations/HeavyWeapon/HeavyIdle.fbx
  artifactKey: Guid(4408089e75cbb1b40806057b4976db2b) Importer(815301076,1909f56bfc062723c751e8b465ee728b)
Start importing Assets/Animations/HeavyWeapon/HeavyIdle.fbx using Guid(4408089e75cbb1b40806057b4976db2b) Importer(815301076,1909f56bfc062723c751e8b465ee728b)  -> (artifact id: '90304026477fabc55b6b278bad427805') in 0.034482 seconds 
========================================================================
Received Import Request.
  Time since last request: 0.000209 seconds.
  path: Assets/Animations/HeavyWeapon/HeavyRun.fbx
  artifactKey: Guid(76c676772bc171c438d45d0e6fcf3811) Importer(815301076,1909f56bfc062723c751e8b465ee728b)
Start importing Assets/Animations/HeavyWeapon/HeavyRun.fbx using Guid(76c676772bc171c438d45d0e6fcf3811) Importer(815301076,1909f56bfc062723c751e8b465ee728b)  -> (artifact id: '22020cd50f25a5f991e4d25921ea80ba') in 0.028159 seconds 
========================================================================
Received Import Request.
  Time since last request: 1.662882 seconds.
  path: Assets/Animations/PlayerAnimationController.controller
  artifactKey: Guid(949174b63babbdd49bba034070f8e1c3) Importer(815301076,1909f56bfc062723c751e8b465ee728b)
Start importing Assets/Animations/PlayerAnimationController.controller using Guid(949174b63babbdd49bba034070f8e1c3) Importer(815301076,1909f56bfc062723c751e8b465ee728b)  -> (artifact id: '76a21e8c58ef102739544abbd9e77925') in 0.009620 seconds 
========================================================================
Received Prepare
Registering precompiled user dll's ...
Registered in 0.002806 seconds.
Begin MonoManager ReloadAssembly
Native extension for WindowsStandalone target not found
Refreshing native plugins compatible for Editor in 0.51 ms, found 2 plugins.
Preloading 0 native plugins for Editor in 0.00 ms.
Mono: successfully reloaded assembly
- Completed reload, in  1.236 seconds
Domain Reload Profiling:
	ReloadAssembly (1237ms)
		BeginReloadAssembly (155ms)
			ExecutionOrderSort (0ms)
			DisableScriptedObjects (6ms)
			BackupInstance (0ms)
			ReleaseScriptingObjects (0ms)
			CreateAndSetChildDomain (52ms)
		EndReloadAssembly (1011ms)
			LoadAssemblies (114ms)
			RebuildTransferFunctionScriptingTraits (0ms)
			SetupTypeCache (339ms)
			ReleaseScriptCaches (1ms)
			RebuildScriptCaches (46ms)
			SetupLoadedEditorAssemblies (402ms)
				LogAssemblyErrors (0ms)
				InitializePlatformSupportModulesInManaged (4ms)
				SetLoadedEditorAssemblies (1ms)
				RefreshPlugins (1ms)
				BeforeProcessingInitializeOnLoad (99ms)
				ProcessInitializeOnLoadAttributes (285ms)
				ProcessInitializeOnLoadMethodAttributes (10ms)
				AfterProcessingInitializeOnLoad (3ms)
				EditorAssembliesLoaded (0ms)
			ExecutionOrderSort2 (0ms)
			AwakeInstancesAfterBackupRestoration (8ms)
Platform modules already initialized, skipping
Refreshing native plugins compatible for Editor in 0.57 ms, found 2 plugins.
Preloading 0 native plugins for Editor in 0.00 ms.
Unloading 1986 Unused Serialized files (Serialized files now loaded: 0)
System memory in use before: 109.2 MB.
System memory in use after: 109.3 MB.

Unloading 14 unused Assets to reduce memory usage. Loaded Objects now: 2480.
Total: 4.042500 ms (FindLiveObjects: 0.200400 ms CreateObjectMapping: 0.049800 ms MarkObjects: 3.763300 ms  DeleteObjects: 0.027500 ms)

AssetImportParameters requested are different than current active one (requested -> active):
  custom:framework-win-MediaFoundation: 216162199b28c13a410421893ffa2e32 -> 
  custom:video-decoder-ogg-theora: a1e56fd34408186e4bbccfd4996cb3dc -> 
  custom:container-muxer-webm: aa71ff27fc2769a1b78a27578f13a17b -> 
  custom:container-demuxer-webm: 4f35f7cbe854078d1ac9338744f61a02 -> 
  custom:container-demuxer-ogg: 62fdf1f143b41e24485cea50d1cbac27 -> 
  custom:video-encoder-webm-vp8: eb34c28f22e8b96e1ab97ce403110664 -> 
  custom:video-decoder-webm-vp8: 9c59270c3fd7afecdb556c50c9e8de78 -> 
  custom:audio-decoder-ogg-vorbis: bf7c407c2cedff20999df2af8eb42d56 -> 
  custom:audio-encoder-webm-vorbis: bf7c407c2cedff20999df2af8eb42d56 -> 
========================================================================
Received Import Request.
  Time since last request: 1194.754052 seconds.
  path: Assets/Scripts/PlayerController.cs
  artifactKey: Guid(8c4d08b185dc80947a0f0fa479d34f44) Importer(815301076,1909f56bfc062723c751e8b465ee728b)
Start importing Assets/Scripts/PlayerController.cs using Guid(8c4d08b185dc80947a0f0fa479d34f44) Importer(815301076,1909f56bfc062723c751e8b465ee728b)  -> (artifact id: '0b4a358037cdada69aa06a2639c2a719') in 0.023960 seconds 
========================================================================
Received Import Request.
  Time since last request: 12.763882 seconds.
  path: Assets/Scripts/PlayerCombat.cs
  artifactKey: Guid(413fab322e9095c49aa50388a2d6348f) Importer(815301076,1909f56bfc062723c751e8b465ee728b)
Start importing Assets/Scripts/PlayerCombat.cs using Guid(413fab322e9095c49aa50388a2d6348f) Importer(815301076,1909f56bfc062723c751e8b465ee728b)  -> (artifact id: '14d7c3568ddb00c116c532e64653f34e') in 0.008780 seconds 
========================================================================
Received Prepare
Registering precompiled user dll's ...
Registered in 0.002987 seconds.
Begin MonoManager ReloadAssembly
Native extension for WindowsStandalone target not found
Refreshing native plugins compatible for Editor in 0.69 ms, found 2 plugins.
Preloading 0 native plugins for Editor in 0.00 ms.
Mono: successfully reloaded assembly
- Completed reload, in  1.327 seconds
Domain Reload Profiling:
	ReloadAssembly (1327ms)
		BeginReloadAssembly (129ms)
			ExecutionOrderSort (0ms)
			DisableScriptedObjects (5ms)
			BackupInstance (0ms)
			ReleaseScriptingObjects (0ms)
			CreateAndSetChildDomain (37ms)
		EndReloadAssembly (1121ms)
			LoadAssemblies (113ms)
			RebuildTransferFunctionScriptingTraits (0ms)
			SetupTypeCache (396ms)
			ReleaseScriptCaches (1ms)
			RebuildScriptCaches (49ms)
			SetupLoadedEditorAssemblies (417ms)
				LogAssemblyErrors (0ms)
				InitializePlatformSupportModulesInManaged (4ms)
				SetLoadedEditorAssemblies (1ms)
				RefreshPlugins (1ms)
				BeforeProcessingInitializeOnLoad (99ms)
				ProcessInitializeOnLoadAttributes (299ms)
				ProcessInitializeOnLoadMethodAttributes (10ms)
				AfterProcessingInitializeOnLoad (3ms)
				EditorAssembliesLoaded (0ms)
			ExecutionOrderSort2 (0ms)
			AwakeInstancesAfterBackupRestoration (9ms)
Platform modules already initialized, skipping
Refreshing native plugins compatible for Editor in 0.70 ms, found 2 plugins.
Preloading 0 native plugins for Editor in 0.00 ms.
Unloading 1985 Unused Serialized files (Serialized files now loaded: 0)
System memory in use before: 109.2 MB.
System memory in use after: 109.3 MB.

Unloading 14 unused Assets to reduce memory usage. Loaded Objects now: 2481.
Total: 3.832600 ms (FindLiveObjects: 0.192000 ms CreateObjectMapping: 0.050700 ms MarkObjects: 3.560300 ms  DeleteObjects: 0.028200 ms)

AssetImportParameters requested are different than current active one (requested -> active):
  custom:framework-win-MediaFoundation: 216162199b28c13a410421893ffa2e32 -> 
  custom:video-decoder-ogg-theora: a1e56fd34408186e4bbccfd4996cb3dc -> 
  custom:container-muxer-webm: aa71ff27fc2769a1b78a27578f13a17b -> 
  custom:container-demuxer-webm: 4f35f7cbe854078d1ac9338744f61a02 -> 
  custom:container-demuxer-ogg: 62fdf1f143b41e24485cea50d1cbac27 -> 
  custom:video-encoder-webm-vp8: eb34c28f22e8b96e1ab97ce403110664 -> 
  custom:video-decoder-webm-vp8: 9c59270c3fd7afecdb556c50c9e8de78 -> 
  custom:audio-decoder-ogg-vorbis: bf7c407c2cedff20999df2af8eb42d56 -> 
  custom:audio-encoder-webm-vorbis: bf7c407c2cedff20999df2af8eb42d56 -> 
========================================================================
Received Import Request.
  Time since last request: 190.293133 seconds.
  path: Assets/Animations/Idle.fbx
  artifactKey: Guid(9b15536bbaa5f54488902c1b9c039598) Importer(815301076,1909f56bfc062723c751e8b465ee728b)
Start importing Assets/Animations/Idle.fbx using Guid(9b15536bbaa5f54488902c1b9c039598) Importer(815301076,1909f56bfc062723c751e8b465ee728b)  -> (artifact id: 'aa619281dff95e7509b792334e9ca710') in 0.138837 seconds 
========================================================================
Received Import Request.
  Time since last request: 77.599638 seconds.
  path: Assets/Animations/Idle.fbx
  artifactKey: Guid(9b15536bbaa5f54488902c1b9c039598) Importer(815301076,1909f56bfc062723c751e8b465ee728b)
Start importing Assets/Animations/Idle.fbx using Guid(9b15536bbaa5f54488902c1b9c039598) Importer(815301076,1909f56bfc062723c751e8b465ee728b)  -> (artifact id: 'f4fd57a589bd3dea06ce6dda1d74631d') in 0.031076 seconds 
========================================================================
Received Import Request.
  Time since last request: 39.639465 seconds.
  path: Assets/Animations/Idle.fbx
  artifactKey: Guid(9b15536bbaa5f54488902c1b9c039598) Importer(815301076,1909f56bfc062723c751e8b465ee728b)
Start importing Assets/Animations/Idle.fbx using Guid(9b15536bbaa5f54488902c1b9c039598) Importer(815301076,1909f56bfc062723c751e8b465ee728b)  -> (artifact id: 'e7540548ca301a75d596a53f579964b6') in 0.031228 seconds 
========================================================================
Received Import Request.
  Time since last request: 16.374687 seconds.
  path: Assets/Animations/PlayerAnimationController.controller
  artifactKey: Guid(949174b63babbdd49bba034070f8e1c3) Importer(815301076,1909f56bfc062723c751e8b465ee728b)
Start importing Assets/Animations/PlayerAnimationController.controller using Guid(949174b63babbdd49bba034070f8e1c3) Importer(815301076,1909f56bfc062723c751e8b465ee728b)  -> (artifact id: 'f57ce5e2289b1b600d3288b97121701e') in 0.011556 seconds 
========================================================================
Received Import Request.
  Time since last request: 139.440957 seconds.
  path: Assets/Animations/PlayerAnimationController.controller
  artifactKey: Guid(949174b63babbdd49bba034070f8e1c3) Importer(815301076,1909f56bfc062723c751e8b465ee728b)
Start importing Assets/Animations/PlayerAnimationController.controller using Guid(949174b63babbdd49bba034070f8e1c3) Importer(815301076,1909f56bfc062723c751e8b465ee728b)  -> (artifact id: '8192b39d2d387f8eb07259e9f328077a') in 0.007387 seconds 
========================================================================
Received Import Request.
  Time since last request: 217.928022 seconds.
  path: Assets/Prefabs/Player-Old.prefab
  artifactKey: Guid(4beec10abfda74a4ba11c9fe10c212fc) Importer(815301076,1909f56bfc062723c751e8b465ee728b)
Start importing Assets/Prefabs/Player-Old.prefab using Guid(4beec10abfda74a4ba11c9fe10c212fc) Importer(815301076,1909f56bfc062723c751e8b465ee728b)  -> (artifact id: '5c761fdb3490d84d4f381a47d1fe2268') in 0.037921 seconds 
========================================================================
Received Import Request.
  Time since last request: 0.000300 seconds.
  path: Assets/Prefabs/Player.prefab
  artifactKey: Guid(0b786d4df36e01642b3e7b8d0865e549) Importer(815301076,1909f56bfc062723c751e8b465ee728b)
Start importing Assets/Prefabs/Player.prefab using Guid(0b786d4df36e01642b3e7b8d0865e549) Importer(815301076,1909f56bfc062723c751e8b465ee728b)  -> (artifact id: '741386af764c1569cb2986a052408e9a') in 0.055634 seconds 
========================================================================
Received Import Request.
  Time since last request: 27.127556 seconds.
  path: Assets/Scripts/Weapons/Melee.cs
  artifactKey: Guid(ca2155b0c64f2bb4a8de43909ca4d6ce) Importer(815301076,1909f56bfc062723c751e8b465ee728b)
Start importing Assets/Scripts/Weapons/Melee.cs using Guid(ca2155b0c64f2bb4a8de43909ca4d6ce) Importer(815301076,1909f56bfc062723c751e8b465ee728b)  -> (artifact id: 'ec41bde1396d4259e6b969a10173711e') in 0.007934 seconds 
========================================================================
Received Import Request.
  Time since last request: 1.137119 seconds.
  path: Assets/Scripts/Weapons/Weapon.cs
  artifactKey: Guid(808ca0e5c82251642a194826619e7498) Importer(815301076,1909f56bfc062723c751e8b465ee728b)
Start importing Assets/Scripts/Weapons/Weapon.cs using Guid(808ca0e5c82251642a194826619e7498) Importer(815301076,1909f56bfc062723c751e8b465ee728b)  -> (artifact id: '421ea9040a7e59473ed3562f81dbd184') in 0.007561 seconds 
========================================================================
Received Prepare
Registering precompiled user dll's ...
Registered in 0.002701 seconds.
Begin MonoManager ReloadAssembly
Native extension for WindowsStandalone target not found
Refreshing native plugins compatible for Editor in 0.51 ms, found 2 plugins.
Preloading 0 native plugins for Editor in 0.00 ms.
Mono: successfully reloaded assembly
- Completed reload, in  1.195 seconds
Domain Reload Profiling:
	ReloadAssembly (1195ms)
		BeginReloadAssembly (132ms)
			ExecutionOrderSort (0ms)
			DisableScriptedObjects (5ms)
			BackupInstance (0ms)
			ReleaseScriptingObjects (0ms)
			CreateAndSetChildDomain (46ms)
		EndReloadAssembly (991ms)
			LoadAssemblies (107ms)
			RebuildTransferFunctionScriptingTraits (0ms)
			SetupTypeCache (342ms)
			ReleaseScriptCaches (1ms)
			RebuildScriptCaches (46ms)
			SetupLoadedEditorAssemblies (379ms)
				LogAssemblyErrors (0ms)
				InitializePlatformSupportModulesInManaged (4ms)
				SetLoadedEditorAssemblies (1ms)
				RefreshPlugins (1ms)
				BeforeProcessingInitializeOnLoad (89ms)
				ProcessInitializeOnLoadAttributes (266ms)
				ProcessInitializeOnLoadMethodAttributes (11ms)
				AfterProcessingInitializeOnLoad (7ms)
				EditorAssembliesLoaded (1ms)
			ExecutionOrderSort2 (0ms)
			AwakeInstancesAfterBackupRestoration (8ms)
Platform modules already initialized, skipping
Refreshing native plugins compatible for Editor in 0.72 ms, found 2 plugins.
Preloading 0 native plugins for Editor in 0.00 ms.
Unloading 1985 Unused Serialized files (Serialized files now loaded: 0)
System memory in use before: 109.3 MB.
System memory in use after: 109.4 MB.

Unloading 14 unused Assets to reduce memory usage. Loaded Objects now: 2484.
Total: 4.644300 ms (FindLiveObjects: 0.184400 ms CreateObjectMapping: 0.049000 ms MarkObjects: 4.367600 ms  DeleteObjects: 0.041500 ms)

AssetImportParameters requested are different than current active one (requested -> active):
  custom:framework-win-MediaFoundation: 216162199b28c13a410421893ffa2e32 -> 
  custom:video-decoder-ogg-theora: a1e56fd34408186e4bbccfd4996cb3dc -> 
  custom:container-muxer-webm: aa71ff27fc2769a1b78a27578f13a17b -> 
  custom:container-demuxer-webm: 4f35f7cbe854078d1ac9338744f61a02 -> 
  custom:container-demuxer-ogg: 62fdf1f143b41e24485cea50d1cbac27 -> 
  custom:video-encoder-webm-vp8: eb34c28f22e8b96e1ab97ce403110664 -> 
  custom:video-decoder-webm-vp8: 9c59270c3fd7afecdb556c50c9e8de78 -> 
  custom:audio-decoder-ogg-vorbis: bf7c407c2cedff20999df2af8eb42d56 -> 
  custom:audio-encoder-webm-vorbis: bf7c407c2cedff20999df2af8eb42d56 -> 
========================================================================
Received Import Request.
  Time since last request: 99.894650 seconds.
  path: Assets/Scripts/Weapons/Weapon.cs
  artifactKey: Guid(808ca0e5c82251642a194826619e7498) Importer(815301076,1909f56bfc062723c751e8b465ee728b)
Start importing Assets/Scripts/Weapons/Weapon.cs using Guid(808ca0e5c82251642a194826619e7498) Importer(815301076,1909f56bfc062723c751e8b465ee728b)  -> (artifact id: '93d7246b4ffa3f9ce1a68beb3c24aab9') in 0.005767 seconds 
========================================================================
Received Import Request.
  Time since last request: 93.211357 seconds.
  path: Assets/Prefabs/Player Manager.prefab
  artifactKey: Guid(1a77de121b09bb24da6c888ec6282bed) Importer(815301076,1909f56bfc062723c751e8b465ee728b)
Start importing Assets/Prefabs/Player Manager.prefab using Guid(1a77de121b09bb24da6c888ec6282bed) Importer(815301076,1909f56bfc062723c751e8b465ee728b)  -> (artifact id: '7dcfaa73256e43ecb0745a202e948d84') in 0.058282 seconds 
========================================================================
Received Import Request.
  Time since last request: 21.916548 seconds.
  path: Assets/Prefabs/Player Manager.prefab
  artifactKey: Guid(1a77de121b09bb24da6c888ec6282bed) Importer(815301076,1909f56bfc062723c751e8b465ee728b)
Start importing Assets/Prefabs/Player Manager.prefab using Guid(1a77de121b09bb24da6c888ec6282bed) Importer(815301076,1909f56bfc062723c751e8b465ee728b)  -> (artifact id: '19352e0cd1bb30998e145c766d3de8c5') in 0.014126 seconds 
========================================================================
Received Import Request.
  Time since last request: 165.970553 seconds.
  path: Assets/Scripts/MainMenu.cs
  artifactKey: Guid(9cdcc49bfa41ac046888bdfa84525cef) Importer(815301076,1909f56bfc062723c751e8b465ee728b)
Start importing Assets/Scripts/MainMenu.cs using Guid(9cdcc49bfa41ac046888bdfa84525cef) Importer(815301076,1909f56bfc062723c751e8b465ee728b)  -> (artifact id: '8fe9bc771f40587d842b8619b0153198') in 0.008997 seconds 
========================================================================
Received Prepare
Registering precompiled user dll's ...
Registered in 0.002814 seconds.
Begin MonoManager ReloadAssembly
Native extension for WindowsStandalone target not found
Refreshing native plugins compatible for Editor in 0.61 ms, found 2 plugins.
Preloading 0 native plugins for Editor in 0.00 ms.
Mono: successfully reloaded assembly
- Completed reload, in  1.184 seconds
Domain Reload Profiling:
	ReloadAssembly (1184ms)
		BeginReloadAssembly (129ms)
			ExecutionOrderSort (0ms)
			DisableScriptedObjects (5ms)
			BackupInstance (0ms)
			ReleaseScriptingObjects (0ms)
			CreateAndSetChildDomain (38ms)
		EndReloadAssembly (987ms)
			LoadAssemblies (105ms)
			RebuildTransferFunctionScriptingTraits (0ms)
			SetupTypeCache (325ms)
			ReleaseScriptCaches (1ms)
			RebuildScriptCaches (49ms)
			SetupLoadedEditorAssemblies (396ms)
				LogAssemblyErrors (0ms)
				InitializePlatformSupportModulesInManaged (4ms)
				SetLoadedEditorAssemblies (1ms)
				RefreshPlugins (1ms)
				BeforeProcessingInitializeOnLoad (93ms)
				ProcessInitializeOnLoadAttributes (284ms)
				ProcessInitializeOnLoadMethodAttributes (10ms)
				AfterProcessingInitializeOnLoad (3ms)
				EditorAssembliesLoaded (0ms)
			ExecutionOrderSort2 (0ms)
			AwakeInstancesAfterBackupRestoration (7ms)
Platform modules already initialized, skipping
Refreshing native plugins compatible for Editor in 0.51 ms, found 2 plugins.
Preloading 0 native plugins for Editor in 0.00 ms.
Unloading 1986 Unused Serialized files (Serialized files now loaded: 0)
System memory in use before: 110.0 MB.
System memory in use after: 110.1 MB.

Unloading 13 unused Assets to reduce memory usage. Loaded Objects now: 2487.
Total: 3.196300 ms (FindLiveObjects: 0.177600 ms CreateObjectMapping: 0.047000 ms MarkObjects: 2.949300 ms  DeleteObjects: 0.021500 ms)

AssetImportParameters requested are different than current active one (requested -> active):
  custom:framework-win-MediaFoundation: 216162199b28c13a410421893ffa2e32 -> 
  custom:video-decoder-ogg-theora: a1e56fd34408186e4bbccfd4996cb3dc -> 
  custom:container-muxer-webm: aa71ff27fc2769a1b78a27578f13a17b -> 
  custom:container-demuxer-webm: 4f35f7cbe854078d1ac9338744f61a02 -> 
  custom:container-demuxer-ogg: 62fdf1f143b41e24485cea50d1cbac27 -> 
  custom:video-encoder-webm-vp8: eb34c28f22e8b96e1ab97ce403110664 -> 
  custom:video-decoder-webm-vp8: 9c59270c3fd7afecdb556c50c9e8de78 -> 
  custom:audio-decoder-ogg-vorbis: bf7c407c2cedff20999df2af8eb42d56 -> 
  custom:audio-encoder-webm-vorbis: bf7c407c2cedff20999df2af8eb42d56 -> 
========================================================================
Received Import Request.
  Time since last request: 114.213675 seconds.
  path: Assets/Prefabs/CityMenuTest.prefab
  artifactKey: Guid(b577d53d47f5bfc4a9386fe914c090a6) Importer(815301076,1909f56bfc062723c751e8b465ee728b)
Start importing Assets/Prefabs/CityMenuTest.prefab using Guid(b577d53d47f5bfc4a9386fe914c090a6) Importer(815301076,1909f56bfc062723c751e8b465ee728b)  -> (artifact id: '8a239951e8de74080e303ec8bad6f877') in 0.362178 seconds 
========================================================================
Received Prepare
Registering precompiled user dll's ...
Registered in 0.002513 seconds.
Begin MonoManager ReloadAssembly
Native extension for WindowsStandalone target not found
Refreshing native plugins compatible for Editor in 1.12 ms, found 2 plugins.
Preloading 0 native plugins for Editor in 0.00 ms.
Mono: successfully reloaded assembly
- Completed reload, in  1.229 seconds
Domain Reload Profiling:
	ReloadAssembly (1229ms)
		BeginReloadAssembly (124ms)
			ExecutionOrderSort (0ms)
			DisableScriptedObjects (5ms)
			BackupInstance (0ms)
			ReleaseScriptingObjects (0ms)
			CreateAndSetChildDomain (38ms)
		EndReloadAssembly (1037ms)
			LoadAssemblies (106ms)
			RebuildTransferFunctionScriptingTraits (0ms)
			SetupTypeCache (336ms)
			ReleaseScriptCaches (1ms)
			RebuildScriptCaches (54ms)
			SetupLoadedEditorAssemblies (410ms)
				LogAssemblyErrors (0ms)
				InitializePlatformSupportModulesInManaged (9ms)
				SetLoadedEditorAssemblies (1ms)
				RefreshPlugins (1ms)
				BeforeProcessingInitializeOnLoad (102ms)
				ProcessInitializeOnLoadAttributes (280ms)
				ProcessInitializeOnLoadMethodAttributes (13ms)
				AfterProcessingInitializeOnLoad (3ms)
				EditorAssembliesLoaded (0ms)
			ExecutionOrderSort2 (0ms)
			AwakeInstancesAfterBackupRestoration (7ms)
Platform modules already initialized, skipping
Refreshing native plugins compatible for Editor in 0.53 ms, found 2 plugins.
Preloading 0 native plugins for Editor in 0.00 ms.
Unloading 1986 Unused Serialized files (Serialized files now loaded: 0)
System memory in use before: 111.2 MB.
System memory in use after: 111.3 MB.

Unloading 13 unused Assets to reduce memory usage. Loaded Objects now: 2490.
Total: 3.903300 ms (FindLiveObjects: 0.212000 ms CreateObjectMapping: 0.048500 ms MarkObjects: 3.616700 ms  DeleteObjects: 0.024900 ms)

AssetImportParameters requested are different than current active one (requested -> active):
  custom:framework-win-MediaFoundation: 216162199b28c13a410421893ffa2e32 -> 
  custom:video-decoder-ogg-theora: a1e56fd34408186e4bbccfd4996cb3dc -> 
  custom:container-muxer-webm: aa71ff27fc2769a1b78a27578f13a17b -> 
  custom:container-demuxer-webm: 4f35f7cbe854078d1ac9338744f61a02 -> 
  custom:container-demuxer-ogg: 62fdf1f143b41e24485cea50d1cbac27 -> 
  custom:video-encoder-webm-vp8: eb34c28f22e8b96e1ab97ce403110664 -> 
  custom:video-decoder-webm-vp8: 9c59270c3fd7afecdb556c50c9e8de78 -> 
  custom:audio-decoder-ogg-vorbis: bf7c407c2cedff20999df2af8eb42d56 -> 
  custom:audio-encoder-webm-vorbis: bf7c407c2cedff20999df2af8eb42d56 -> 
========================================================================
Received Prepare
Registering precompiled user dll's ...
Registered in 0.002943 seconds.
Begin MonoManager ReloadAssembly
Native extension for WindowsStandalone target not found
Refreshing native plugins compatible for Editor in 1.14 ms, found 2 plugins.
Preloading 0 native plugins for Editor in 0.00 ms.
Mono: successfully reloaded assembly
- Completed reload, in  1.228 seconds
Domain Reload Profiling:
	ReloadAssembly (1229ms)
		BeginReloadAssembly (127ms)
			ExecutionOrderSort (0ms)
			DisableScriptedObjects (5ms)
			BackupInstance (0ms)
			ReleaseScriptingObjects (0ms)
			CreateAndSetChildDomain (32ms)
		EndReloadAssembly (1032ms)
			LoadAssemblies (113ms)
			RebuildTransferFunctionScriptingTraits (0ms)
			SetupTypeCache (375ms)
			ReleaseScriptCaches (1ms)
			RebuildScriptCaches (48ms)
			SetupLoadedEditorAssemblies (382ms)
				LogAssemblyErrors (0ms)
				InitializePlatformSupportModulesInManaged (6ms)
				SetLoadedEditorAssemblies (1ms)
				RefreshPlugins (1ms)
				BeforeProcessingInitializeOnLoad (101ms)
				ProcessInitializeOnLoadAttributes (259ms)
				ProcessInitializeOnLoadMethodAttributes (11ms)
				AfterProcessingInitializeOnLoad (3ms)
				EditorAssembliesLoaded (0ms)
			ExecutionOrderSort2 (0ms)
			AwakeInstancesAfterBackupRestoration (8ms)
Platform modules already initialized, skipping
Refreshing native plugins compatible for Editor in 0.69 ms, found 2 plugins.
Preloading 0 native plugins for Editor in 0.00 ms.
Unloading 1986 Unused Serialized files (Serialized files now loaded: 0)
System memory in use before: 111.2 MB.
System memory in use after: 111.3 MB.

Unloading 13 unused Assets to reduce memory usage. Loaded Objects now: 2492.
Total: 5.597200 ms (FindLiveObjects: 0.220000 ms CreateObjectMapping: 0.049900 ms MarkObjects: 5.296700 ms  DeleteObjects: 0.029200 ms)

AssetImportParameters requested are different than current active one (requested -> active):
  custom:framework-win-MediaFoundation: 216162199b28c13a410421893ffa2e32 -> 
  custom:video-decoder-ogg-theora: a1e56fd34408186e4bbccfd4996cb3dc -> 
  custom:container-muxer-webm: aa71ff27fc2769a1b78a27578f13a17b -> 
  custom:container-demuxer-webm: 4f35f7cbe854078d1ac9338744f61a02 -> 
  custom:container-demuxer-ogg: 62fdf1f143b41e24485cea50d1cbac27 -> 
  custom:video-encoder-webm-vp8: eb34c28f22e8b96e1ab97ce403110664 -> 
  custom:video-decoder-webm-vp8: 9c59270c3fd7afecdb556c50c9e8de78 -> 
  custom:audio-decoder-ogg-vorbis: bf7c407c2cedff20999df2af8eb42d56 -> 
  custom:audio-encoder-webm-vorbis: bf7c407c2cedff20999df2af8eb42d56 -> 
AssetImportWorkerClient::OnTransportError - code=2 error=End of file
